<?xml version="1.0" encoding="UTF-8"?>
<!-- Generated by org.testng.reporters.JUnitReportReporter -->
<testsuite skipped="0" hostname="DESKTOP-3VL6LHC" name="testcase.CreateLead" tests="3" failures="0" timestamp="2021-11-14T18:37:30 IST" time="46.243" errors="0">
  <testcase name="runCreateLead" time="13.220" classname="testcase.CreateLead"/>
  <system-out/>
  <testcase name="runCreateLead" time="20.243" classname="testcase.CreateLead"/>
  <system-out/>
  <testcase name="runCreateLead" time="12.780" classname="testcase.CreateLead"/>
  <system-out/>
</testsuite> <!-- testcase.CreateLead -->
