<?xml version="1.0" encoding="UTF-8"?>
<!-- Generated by org.testng.reporters.JUnitReportReporter -->
<testsuite skipped="1" hostname="DESKTOP-3VL6LHC" name="testcase.VerifyLogin" tests="3" failures="0" timestamp="2021-11-14T18:01:25 IST" time="20.010" errors="0">
  <testcase name="runVerifyLogin" time="3.604" classname="testcase.VerifyLogin"/>
  <system-out/>
  <testcase name="runVerifyLogin" time="7.833" classname="testcase.VerifyLogin"/>
  <system-out/>
  <testcase name="runVerifyLogin" time="8.573" classname="testcase.VerifyLogin">
    <skipped/>
  </testcase> <!-- runVerifyLogin -->
  <system-out/>
</testsuite> <!-- testcase.VerifyLogin -->
